2014-03-30 17:22:55,852 WARN  [SoapUI] Missing folder [D:\workspacefortest\WebServiceClientBySoupUI\.\ext] for external libraries
2014-03-30 17:22:56,217 INFO  [DefaultSoapUICore] initialized soapui-settings from [C:\Users\dongshuai\soapui-settings.xml]
2014-03-30 17:22:57,359 INFO  [SchemaUtils] Added default schema from file:/D:/workspacefortest/WebServiceClientBySoupUI/lib/soapui-4.5.2.jar!/com/eviware/soapui/resources/xsds/xop.xsd with targetNamespace http://www.w3.org/2004/08/xop/include
2014-03-30 17:22:57,474 INFO  [SchemaUtils] Added default schema from file:/D:/workspacefortest/WebServiceClientBySoupUI/lib/soapui-4.5.2.jar!/com/eviware/soapui/resources/xsds/XMLSchema.xsd with targetNamespace http://www.w3.org/2001/XMLSchema
2014-03-30 17:22:57,477 INFO  [SchemaUtils] Added default schema from file:/D:/workspacefortest/WebServiceClientBySoupUI/lib/soapui-4.5.2.jar!/com/eviware/soapui/resources/xsds/xml.xsd with targetNamespace http://www.w3.org/XML/1998/namespace
2014-03-30 17:22:57,480 INFO  [SchemaUtils] Added default schema from file:/D:/workspacefortest/WebServiceClientBySoupUI/lib/soapui-4.5.2.jar!/com/eviware/soapui/resources/xsds/swaref.xsd with targetNamespace http://ws-i.org/profiles/basic/1.1/xsd
2014-03-30 17:22:57,482 INFO  [SchemaUtils] Added default schema from file:/D:/workspacefortest/WebServiceClientBySoupUI/lib/soapui-4.5.2.jar!/com/eviware/soapui/resources/xsds/xmime200505.xsd with targetNamespace http://www.w3.org/2005/05/xmlmime
2014-03-30 17:22:57,484 INFO  [SchemaUtils] Added default schema from file:/D:/workspacefortest/WebServiceClientBySoupUI/lib/soapui-4.5.2.jar!/com/eviware/soapui/resources/xsds/xmime200411.xsd with targetNamespace http://www.w3.org/2004/11/xmlmime
2014-03-30 17:22:57,487 INFO  [SchemaUtils] Added default schema from file:/D:/workspacefortest/WebServiceClientBySoupUI/lib/soapui-4.5.2.jar!/com/eviware/soapui/resources/xsds/soapEnvelope.xsd with targetNamespace http://schemas.xmlsoap.org/soap/envelope/
2014-03-30 17:22:57,497 INFO  [SchemaUtils] Added default schema from file:/D:/workspacefortest/WebServiceClientBySoupUI/lib/soapui-4.5.2.jar!/com/eviware/soapui/resources/xsds/soapEncoding.xsd with targetNamespace http://schemas.xmlsoap.org/soap/encoding/
2014-03-30 17:22:57,501 INFO  [SchemaUtils] Added default schema from file:/D:/workspacefortest/WebServiceClientBySoupUI/lib/soapui-4.5.2.jar!/com/eviware/soapui/resources/xsds/soapEnvelope12.xsd with targetNamespace http://www.w3.org/2003/05/soap-envelope
2014-03-30 17:22:57,512 INFO  [SchemaUtils] Added default schema from file:/D:/workspacefortest/WebServiceClientBySoupUI/lib/soapui-4.5.2.jar!/com/eviware/soapui/resources/xsds/soapEncoding12.xsd with targetNamespace http://www.w3.org/2003/05/soap-encoding
2014-03-30 17:22:57,971 INFO  [SchemaUtils] Loading schema types from [http://127.0.0.1:9090/ab?wsdl]
2014-03-30 17:22:57,971 INFO  [SchemaUtils] Getting schema http://127.0.0.1:9090/ab?wsdl
2014-03-30 17:22:57,981 INFO  [SchemaUtils] Getting schema http://127.0.0.1:9090/ab?xsd=1
2014-03-30 17:22:58,322 INFO  [WsdlImporter] Finding importer for {http://ds.com/}MyServiceImpPortBinding
2014-03-30 17:22:58,327 INFO  [WsdlImporter] Importing binding {http://ds.com/}MyServiceImpPortBinding
2014-03-30 17:22:58,364 INFO  [Soap11HttpBindingImporter] importing endpoint http://127.0.0.1:9090/ab
2014-03-30 17:22:58,509 INFO  [Soap11HttpBindingImporter] importing operation add
2014-03-30 17:22:58,536 INFO  [Soap11HttpBindingImporter] importing operation getUsers
2014-03-30 17:22:58,536 INFO  [Soap11HttpBindingImporter] importing operation minus
